2025-11-05 15:54:22,680 INFO s.s.S.SPDFApplication [main] Without additional features in jar
2025-11-05 15:54:22,682 INFO s.s.c.c.ConfigInitializer [main] Current settings file line count: 0
2025-11-05 15:54:22,693 INFO s.s.c.c.ConfigInitializer [main] Created settings file from template
2025-11-05 15:54:22,694 INFO s.s.c.c.ConfigInitializer [main] Created custom_settings file: ./configs/custom_settings.yml
2025-11-05 15:54:22,694 INFO s.s.S.SPDFApplication [main] Settings file: ./configs/settings.yml
2025-11-05 15:54:22,695 INFO s.s.S.SPDFApplication [main] Custom settings file: ./configs/custom_settings.yml
2025-11-05 15:54:23,512 INFO s.s.S.SPDFApplication [main] Starting SPDFApplication v1.5.0 using Java 21.0.8 with PID 33 (/app.jar started by stirlingpdfuser in /)
2025-11-05 15:54:23,513 INFO s.s.S.SPDFApplication [main] The following 1 profile is active: "default"
2025-11-05 15:54:28,331 INFO s.s.c.c.TempFileConfiguration [main] Created temporary directory: /tmp/stirling-pdf/stirling-pdf
2025-11-05 15:54:28,491 WARN s.s.S.c.ExternalAppDepConfig [main] Missing dependency: rar - Disabling group: rar (Affected features: PDF To Cbr)
2025-11-05 15:54:30,169 INFO s.s.S.c.EndpointConfiguration [main] Disabled tool groups: rar (endpoints may have alternative implementations)
2025-11-05 15:54:30,170 INFO s.s.S.c.EndpointConfiguration [main] Disabled functional groups: enterprise
2025-11-05 15:54:30,170 INFO s.s.S.c.EndpointConfiguration [main] Total disabled endpoints: 2. Disabled endpoints: pdf-to-cbr, url-to-pdf
2025-11-05 15:54:31,501 INFO s.s.c.u.FileMonitor [main] Monitoring directory: ./pipeline/watchedFolders
2025-11-05 15:54:32,533 INFO s.s.c.s.TempFileCleanupService [main] Created LibreOffice temp directory: /tmp/stirling-pdf/stirling-pdf/libreoffice
2025-11-05 15:54:32,535 INFO s.s.c.s.TempFileCleanupService [main] Running in Docker mode, using aggressive cleanup strategy
2025-11-05 15:54:32,553 INFO s.s.c.s.TempFileCleanupService [main] Startup cleanup complete. Deleted 0 temporary files/directories
2025-11-05 15:54:34,156 INFO s.s.c.s.JobQueue [main] Starting JobQueue lifecycle
2025-11-05 15:54:34,249 INFO s.s.S.SPDFApplication [main] Started SPDFApplication in 11.553 seconds (process running for 12.974)
2025-11-05 15:54:34,258 WARN s.s.c.u.FileMonitor [scheduling-1] not monitoring any directory, even the root directory itself: ./pipeline/watchedFolders
2025-11-05 15:54:34,266 INFO s.s.S.c.a.p.PipelineDirectoryProcessor [scheduling-1] Created directory: /./pipeline/watchedFolders
2025-11-05 15:54:34,266 INFO s.s.S.SPDFApplication [main] Stirling-PDF Started.
2025-11-05 15:54:34,267 INFO s.s.S.SPDFApplication [main] Navigate to http://localhost:8080/
2025-11-05 15:54:34,275 INFO s.s.c.s.TempFileCleanupService [scheduling-1] Running scheduled temporary file cleanup
2025-11-05 15:54:34,277 INFO s.s.c.u.TempFileManager [scheduling-1] Cleaned up 0 old temporary files
2025-11-05 15:54:34,278 INFO s.s.c.s.TempFileCleanupService [scheduling-1] Cleaned up 0 registered temporary files
2025-11-05 15:54:39,241 WARN s.s.c.u.FileMonitor [scheduling-1] not monitoring any directory, even the root directory itself: ./pipeline/watchedFolders
2025-11-05 15:54:39,243 INFO s.s.c.u.FileMonitor [scheduling-1] Registered directory: ./pipeline/watchedFolders
2025-11-05 16:01:28,086 INFO s.s.S.SPDFApplication [main] Without additional features in jar
2025-11-05 16:01:28,097 INFO s.s.c.c.ConfigInitializer [main] Current settings file line count: 199
2025-11-05 16:01:29,185 INFO s.s.c.c.ConfigInitializer [main] Settings file updated based on template changes.
2025-11-05 16:01:29,186 INFO s.s.S.SPDFApplication [main] Settings file: ./configs/settings.yml
2025-11-05 16:01:29,187 INFO s.s.S.SPDFApplication [main] Custom settings file: ./configs/custom_settings.yml
2025-11-05 16:01:30,151 INFO s.s.S.SPDFApplication [main] Starting SPDFApplication v1.5.0 using Java 21.0.8 with PID 24 (/app.jar started by stirlingpdfuser in /)
2025-11-05 16:01:30,153 INFO s.s.S.SPDFApplication [main] The following 1 profile is active: "default"
2025-11-05 16:01:37,054 WARN s.s.S.c.ExternalAppDepConfig [main] Missing dependency: rar - Disabling group: rar (Affected features: PDF To Cbr)
2025-11-05 16:01:38,097 INFO s.s.S.c.EndpointConfiguration [main] Disabled tool groups: rar (endpoints may have alternative implementations)
2025-11-05 16:01:38,097 INFO s.s.S.c.EndpointConfiguration [main] Disabled functional groups: enterprise
2025-11-05 16:01:38,097 INFO s.s.S.c.EndpointConfiguration [main] Total disabled endpoints: 2. Disabled endpoints: pdf-to-cbr, url-to-pdf
2025-11-05 16:01:39,434 INFO s.s.c.u.FileMonitor [main] Monitoring directory: ./pipeline/watchedFolders
2025-11-05 16:01:40,891 INFO s.s.c.s.TempFileCleanupService [main] Running in Docker mode, using aggressive cleanup strategy
2025-11-05 16:01:40,910 INFO s.s.c.s.TempFileCleanupService [main] Startup cleanup complete. Deleted 0 temporary files/directories
2025-11-05 16:01:43,463 INFO s.s.c.s.JobQueue [main] Starting JobQueue lifecycle
2025-11-05 16:01:43,565 INFO s.s.S.SPDFApplication [main] Started SPDFApplication in 14.373 seconds (process running for 16.882)
2025-11-05 16:01:43,570 WARN s.s.c.u.FileMonitor [scheduling-1] not monitoring any directory, even the root directory itself: ./pipeline/watchedFolders
2025-11-05 16:01:43,573 INFO s.s.c.u.FileMonitor [scheduling-1] Registered directory: ./pipeline/watchedFolders
2025-11-05 16:01:43,593 INFO s.s.S.SPDFApplication [main] Stirling-PDF Started.
2025-11-05 16:01:43,593 INFO s.s.c.s.TempFileCleanupService [scheduling-1] Running scheduled temporary file cleanup
2025-11-05 16:01:43,593 INFO s.s.S.SPDFApplication [main] Navigate to http://localhost:8080/
2025-11-05 16:01:43,595 INFO s.s.c.u.TempFileManager [scheduling-1] Cleaned up 0 old temporary files
2025-11-05 16:01:43,596 INFO s.s.c.s.TempFileCleanupService [scheduling-1] Cleaned up 0 registered temporary files
2025-11-05 16:19:03,701 INFO o.a.p.p.f.FileSystemFontProvider [qtp66135670-67] 90 new font files found, font cache will be re-built
2025-11-05 16:19:03,703 INFO o.a.p.p.f.FileSystemFontProvider [qtp66135670-67] Building on-disk font cache, this may take a while
2025-11-05 16:19:04,093 INFO o.a.p.p.f.FileSystemFontProvider [qtp66135670-67] Finished building on-disk font cache, found 90 fonts
2025-11-05 16:19:04,094 WARN o.a.p.p.f.PDTrueTypeFont [qtp66135670-72] Using fallback font LiberationSans for Arial-BoldMT
2025-11-05 16:19:04,094 WARN o.a.p.p.f.PDTrueTypeFont [qtp66135670-67] Using fallback font LiberationSans for Times New Roman
2025-11-05 16:19:04,094 WARN o.a.p.p.f.PDTrueTypeFont [qtp66135670-69] Using fallback font LiberationSans for Times New Roman
2025-11-05 16:19:04,241 WARN o.a.p.p.f.PDTrueTypeFont [qtp66135670-72] Using fallback font LiberationSans for ArialMT
2025-11-05 16:19:04,250 WARN o.a.p.p.f.PDTrueTypeFont [qtp66135670-72] Using fallback font LiberationSans for TimesNewRomanPSMT
2025-11-05 16:19:04,437 WARN o.a.p.p.f.PDTrueTypeFont [qtp66135670-67] Using fallback font LiberationSans for Times New Roman,Bold
2025-11-05 16:19:04,440 WARN o.a.p.p.f.PDTrueTypeFont [qtp66135670-67] Using fallback font LiberationSans for Times New Roman,BoldItalic
2025-11-05 16:19:04,447 WARN o.a.p.p.f.PDTrueTypeFont [qtp66135670-67] Using fallback font LiberationSans for Times New Roman,Italic
2025-11-05 16:19:04,472 WARN o.a.p.p.f.PDTrueTypeFont [qtp66135670-69] Using fallback font LiberationSans for Times New Roman,BoldItalic
2025-11-05 16:19:04,489 WARN o.a.p.p.f.PDTrueTypeFont [qtp66135670-69] Using fallback font LiberationSans for Times New Roman,Italic
2025-11-05 16:19:04,803 WARN o.a.p.p.f.PDTrueTypeFont [qtp66135670-67] Using fallback font LiberationSans for Arial,Bold
2025-11-05 16:19:04,875 WARN o.a.p.p.f.PDTrueTypeFont [qtp66135670-69] Using fallback font LiberationSans for Times New Roman,Bold
2025-11-05 16:19:04,878 WARN o.a.p.p.f.PDTrueTypeFont [qtp66135670-69] Using fallback font LiberationSans for Arial,Bold
2025-11-05 16:19:05,535 WARN o.a.p.p.f.PDTrueTypeFont [qtp66135670-72] Using fallback font LiberationSans for TimesNewRomanPS-ItalicMT
2025-11-05 16:19:05,549 WARN o.a.p.p.f.PDTrueTypeFont [qtp66135670-72] Using fallback font LiberationSans for Arial-ItalicMT
2025-11-05 16:19:09,763 WARN o.a.p.p.f.PDTrueTypeFont [qtp66135670-67] Using fallback font LiberationSans for Arial
2025-11-05 16:19:11,029 WARN o.a.p.p.f.PDTrueTypeFont [qtp66135670-69] Using fallback font LiberationSans for Arial
2025-11-05 16:30:57,900 INFO s.s.S.c.a.m.CompressController [qtp66135670-66] Pre-Ghostscript file size: 19.14 MB
2025-11-05 16:30:57,913 INFO s.s.S.c.a.m.CompressController [qtp66135670-75] Pre-Ghostscript file size: 21.35 MB
2025-11-05 16:30:57,915 INFO s.s.c.u.ProcessExecutor [qtp66135670-75] Running command: gs -sDEVICE=pdfwrite -dCompatibilityLevel=1.5 -dNOPAUSE -dQUIET -dBATCH -dPDFSETTINGS=/screen -sOutputFile=/tmp/stirling-pdf/gs_output_14297593516420623478.pdf /tmp/stirling-pdf/working_16632872887365915915.pdf
2025-11-05 16:30:57,915 INFO s.s.c.u.ProcessExecutor [qtp66135670-66] Running command: gs -sDEVICE=pdfwrite -dCompatibilityLevel=1.5 -dNOPAUSE -dQUIET -dBATCH -dPDFSETTINGS=/screen -sOutputFile=/tmp/stirling-pdf/gs_output_7496090144559676536.pdf /tmp/stirling-pdf/working_11919655529417726738.pdf
2025-11-05 16:30:57,928 INFO s.s.S.c.a.m.CompressController [qtp66135670-77] Pre-Ghostscript file size: 19.39 MB
2025-11-05 16:30:57,929 INFO s.s.c.u.ProcessExecutor [qtp66135670-77] Running command: gs -sDEVICE=pdfwrite -dCompatibilityLevel=1.5 -dNOPAUSE -dQUIET -dBATCH -dPDFSETTINGS=/screen -sOutputFile=/tmp/stirling-pdf/gs_output_13610644365996645830.pdf /tmp/stirling-pdf/working_8674237189822068914.pdf
2025-11-05 16:31:01,104 INFO s.s.S.c.a.m.CompressController [qtp66135670-66] Post-Ghostscript file size: 819.54 KB (reduced by 95.8%)
2025-11-05 16:31:01,105 INFO s.s.S.c.a.m.CompressController [qtp66135670-66] Ghostscript compression applied successfully
2025-11-05 16:31:02,395 INFO s.s.S.c.a.m.CompressController [qtp66135670-75] Post-Ghostscript file size: 1006.79 KB (reduced by 95.4%)
2025-11-05 16:31:02,395 INFO s.s.S.c.a.m.CompressController [qtp66135670-75] Ghostscript compression applied successfully
2025-11-05 16:31:02,774 INFO s.s.S.c.a.m.CompressController [qtp66135670-77] Post-Ghostscript file size: 902.08 KB (reduced by 95.5%)
2025-11-05 16:31:02,774 INFO s.s.S.c.a.m.CompressController [qtp66135670-77] Ghostscript compression applied successfully
2025-11-05 16:31:43,597 INFO s.s.c.s.TempFileCleanupService [scheduling-1] Running scheduled temporary file cleanup
2025-11-05 16:31:43,598 INFO s.s.c.u.TempFileManager [scheduling-1] Cleaned up 0 old temporary files
2025-11-05 16:31:43,598 INFO s.s.c.s.TempFileCleanupService [scheduling-1] Cleaned up 0 registered temporary files
